<html>
<head>
<title>TestNG:  chrometest</title>
<link href="../testng.css" rel="stylesheet" type="text/css" />
<link href="../my-testng.css" rel="stylesheet" type="text/css" />

<style type="text/css">
.log { display: none;} 
.stack-trace { display: none;} 
</style>
<script type="text/javascript">
<!--
function flip(e) {
  current = e.style.display;
  if (current == 'block') {
    e.style.display = 'none';
    return 0;
  }
  else {
    e.style.display = 'block';
    return 1;
  }
}

function toggleBox(szDivId, elem, msg1, msg2)
{
  var res = -1;  if (document.getElementById) {
    res = flip(document.getElementById(szDivId));
  }
  else if (document.all) {
    // this is the way old msie versions work
    res = flip(document.all[szDivId]);
  }
  if(elem) {
    if(res == 0) elem.innerHTML = msg1; else elem.innerHTML = msg2;
  }

}

function toggleAllBoxes() {
  if (document.getElementsByTagName) {
    d = document.getElementsByTagName('div');
    for (i = 0; i < d.length; i++) {
      if (d[i].className == 'log') {
        flip(d[i]);
      }
    }
  }
}

// -->
</script>

</head>
<body>
<h2 align='center'>chrometest</h2><table border='1' align="center">
<tr>
<td>Tests passed/Failed/Skipped:</td><td>0/3/0</td>
</tr><tr>
<td>Started on:</td><td>Thu Apr 18 22:13:31 IST 2024</td>
</tr>
<tr><td>Total time:</td><td>65 seconds (65764 ms)</td>
</tr><tr>
<td>Included groups:</td><td></td>
</tr><tr>
<td>Excluded groups:</td><td></td>
</tr>
</table><p/>
<small><i>(Hover the method name to see the test class name)</i></small><p/>
<table width='100%' border='1' class='invocation-failed'>
<tr><td colspan='4' align='center'><b>FAILED TESTS</b></td></tr>
<tr><td><b>Test method</b></td>
<td width="30%"><b>Exception</b></td>
<td width="10%"><b>Time (seconds)</b></td>
<td><b>Instance</b></td>
</tr>
<tr>
<td title='testRunner.TestRunner.runScenario()'><b>runScenario</b><br>Test class: testRunner.TestRunner<br>Test method: Runs Cucumber Scenarios<br>Parameters: "Getting a Car Insurance quote", "CarInsurance"</td>
<td><div><pre>java.io.FileNotFoundException: C:\Users\2327192\Downloads\Hackathon_TravelInsurance\Hackathon_TravelInsurance\testdata\ExcelWrite.xlsx (The process cannot access the file because it is being used by another process)
	at java.base/java.io.FileOutputStream.open0(Native Method)
	at java.base/java.io.FileOutputStream.open(FileOutputStream.java:293)
	at java.base/java.io.FileOutputStream.&lt;init&gt;(FileOutputStream.java:235)
	at java.base/java.io.FileOutputStream.&lt;init&gt;(FileOutputStream.java:123)
	at utilities.ExcelUtility.setcelldata(ExcelUtility.java:39)
	at pageObjects.CarInsurance.printErrorMessage(CarInsurance.java:127)
	at StepDefinitions.TC_002_CarInsurance.user_fills_incorrect_user_details_and_gets_error_message(TC_002_CarInsurance.java:43)
	at ✽.User fills incorrect user details and gets error message(file:///C:/Users/2327192/Downloads/Hackathon_TravelInsurance/Hackathon_TravelInsurance/Features/Feature2_CarInsurance.feature:8)
</pre></div><a href='#' onClick='toggleBox("stack-trace720007548", this, "Click to show all stack frames", "Click to hide stack frames")'>Click to show all stack frames</a>
<div class='stack-trace' id='stack-trace720007548'><pre>java.io.FileNotFoundException: C:\Users\2327192\Downloads\Hackathon_TravelInsurance\Hackathon_TravelInsurance\testdata\ExcelWrite.xlsx (The process cannot access the file because it is being used by another process)
	at java.base/java.io.FileOutputStream.open0(Native Method)
	at java.base/java.io.FileOutputStream.open(FileOutputStream.java:293)
	at java.base/java.io.FileOutputStream.&lt;init&gt;(FileOutputStream.java:235)
	at java.base/java.io.FileOutputStream.&lt;init&gt;(FileOutputStream.java:123)
	at utilities.ExcelUtility.setcelldata(ExcelUtility.java:39)
	at pageObjects.CarInsurance.printErrorMessage(CarInsurance.java:127)
	at StepDefinitions.TC_002_CarInsurance.user_fills_incorrect_user_details_and_gets_error_message(TC_002_CarInsurance.java:43)
	at ✽.User fills incorrect user details and gets error message(file:///C:/Users/2327192/Downloads/Hackathon_TravelInsurance/Hackathon_TravelInsurance/Features/Feature2_CarInsurance.feature:8)
</pre></div></td>
<td>36</td>
<td>testRunner.TestRunner@1ffaf86</td></tr>
<tr>
<td title='testRunner.TestRunner.runScenario()'><b>runScenario</b><br>Test class: testRunner.TestRunner<br>Test method: Runs Cucumber Scenarios<br>Parameters: "Retrieving all Health Insurance menu items", "HealthInsurance"</td>
<td><div><pre>java.io.FileNotFoundException: C:\Users\2327192\Downloads\Hackathon_TravelInsurance\Hackathon_TravelInsurance\testdata\ExcelWrite.xlsx (The process cannot access the file because it is being used by another process)
	at java.base/java.io.FileOutputStream.open0(Native Method)
	at java.base/java.io.FileOutputStream.open(FileOutputStream.java:293)
	at java.base/java.io.FileOutputStream.&lt;init&gt;(FileOutputStream.java:235)
	at java.base/java.io.FileOutputStream.&lt;init&gt;(FileOutputStream.java:123)
	at utilities.ExcelUtility.setcelldata(ExcelUtility.java:39)
	at pageObjects.HealthInsurance.printHealthInsurancePlans(HealthInsurance.java:31)
	at StepDefinitions.TC_003_HealthInsurance.user_displays_all_health_insurance_plans(TC_003_HealthInsurance.java:25)
	at ✽.User displays all health insurance plans(file:///C:/Users/2327192/Downloads/Hackathon_TravelInsurance/Hackathon_TravelInsurance/Features/Feature3_HealthInsurance.feature:6)
</pre></div><a href='#' onClick='toggleBox("stack-trace2005492533", this, "Click to show all stack frames", "Click to hide stack frames")'>Click to show all stack frames</a>
<div class='stack-trace' id='stack-trace2005492533'><pre>java.io.FileNotFoundException: C:\Users\2327192\Downloads\Hackathon_TravelInsurance\Hackathon_TravelInsurance\testdata\ExcelWrite.xlsx (The process cannot access the file because it is being used by another process)
	at java.base/java.io.FileOutputStream.open0(Native Method)
	at java.base/java.io.FileOutputStream.open(FileOutputStream.java:293)
	at java.base/java.io.FileOutputStream.&lt;init&gt;(FileOutputStream.java:235)
	at java.base/java.io.FileOutputStream.&lt;init&gt;(FileOutputStream.java:123)
	at utilities.ExcelUtility.setcelldata(ExcelUtility.java:39)
	at pageObjects.HealthInsurance.printHealthInsurancePlans(HealthInsurance.java:31)
	at StepDefinitions.TC_003_HealthInsurance.user_displays_all_health_insurance_plans(TC_003_HealthInsurance.java:25)
	at ✽.User displays all health insurance plans(file:///C:/Users/2327192/Downloads/Hackathon_TravelInsurance/Hackathon_TravelInsurance/Features/Feature3_HealthInsurance.feature:6)
</pre></div></td>
<td>10</td>
<td>testRunner.TestRunner@1ffaf86</td></tr>
<tr>
<td title='testRunner.TestRunner.runScenario()'><b>runScenario</b><br>Test class: testRunner.TestRunner<br>Test method: Runs Cucumber Scenarios<br>Parameters: "Find travel insurance plan for students", "TravelInsurance"</td>
<td><div><pre>org.openqa.selenium.StaleElementReferenceException: stale element reference: stale element not found
  (Session info: chrome=120.0.6099.130)
For documentation on this error, please visit: https://www.selenium.dev/documentation/webdriver/troubleshooting/errors#stale-element-reference-exception
Build info: version: &apos;4.18.1&apos;, revision: &apos;b1d3319b48&apos;
System info: os.name: &apos;Windows 11&apos;, os.arch: &apos;amd64&apos;, os.version: &apos;10.0&apos;, java.version: &apos;17.0.10&apos;
Driver info: org.openqa.selenium.chrome.ChromeDriver
Command: [cb8d01222675abbc17901ead8bfeea07, clickElement {id=79D83C81D30069941E7ECA2C6B7E9944_element_123}]
Capabilities {acceptInsecureCerts: false, browserName: chrome, browserVersion: 120.0.6099.130, chrome: {chromedriverVersion: 120.0.6099.109 (3419140ab66..., userDataDir: C:\Windows\SystemTemp\scope...}, fedcm:accounts: true, goog:chromeOptions: {debuggerAddress: localhost:52264}, networkConnectionEnabled: false, pageLoadStrategy: normal, platformName: windows, proxy: Proxy(), se:cdp: ws://localhost:52264/devtoo..., se:cdpVersion: 120.0.6099.130, setWindowRect: true, strictFileInteractability: false, timeouts: {implicit: 0, pageLoad: 300000, script: 30000}, unhandledPromptBehavior: dismiss and notify, webauthn:extension:credBlob: true, webauthn:extension:largeBlob: true, webauthn:extension:minPinLength: true, webauthn:extension:prf: true, webauthn:virtualAuthenticators: true}
Element: [[ChromeDriver: chrome on windows (cb8d01222675abbc17901ead8bfeea07)] -&gt; xpath: //input[@id=&apos;country&apos;]]
Session ID: cb8d01222675abbc17901ead8bfeea07
	at org.openqa.selenium.remote.ErrorCodec.decode(ErrorCodec.java:167)
	at org.openqa.selenium.remote.codec.w3c.W3CHttpResponseCodec.decode(W3CHttpResponseCodec.java:138)
	at org.openqa.selenium.remote.codec.w3c.W3CHttpResponseCodec.decode(W3CHttpResponseCodec.java:50)
	at org.openqa.selenium.remote.HttpCommandExecutor.execute(HttpCommandExecutor.java:190)
	at org.openqa.selenium.remote.service.DriverCommandExecutor.invokeExecute(DriverCommandExecutor.java:216)
	at org.openqa.selenium.remote.service.DriverCommandExecutor.execute(DriverCommandExecutor.java:174)
	at org.openqa.selenium.remote.RemoteWebDriver.execute(RemoteWebDriver.java:519)
	at org.openqa.selenium.remote.RemoteWebElement.execute(RemoteWebElement.java:223)
	at org.openqa.selenium.remote.RemoteWebElement.click(RemoteWebElement.java:76)
	at org.openqa.selenium.support.pagefactory.internal.LocatingElementHandler.invoke(LocatingElementHandler.java:51)
	at jdk.proxy2/jdk.proxy2.$Proxy28.click(Unknown Source)
	at pageObjects.TravelInsurance.clickCountry(TravelInsurance.java:107)
	at StepDefinitions.TC_001_TravelInsurance.user_enters_destination_details(TC_001_TravelInsurance.java:26)
	at ✽.User enters destination details(file:///C:/Users/2327192/Downloads/Hackathon_TravelInsurance/Hackathon_TravelInsurance/Features/Feature1_TravelInsurance.feature:6)
... Removed 9 stack frames</pre></div><a href='#' onClick='toggleBox("stack-trace2124360754", this, "Click to show all stack frames", "Click to hide stack frames")'>Click to show all stack frames</a>
<div class='stack-trace' id='stack-trace2124360754'><pre>org.openqa.selenium.StaleElementReferenceException: stale element reference: stale element not found
  (Session info: chrome=120.0.6099.130)
For documentation on this error, please visit: https://www.selenium.dev/documentation/webdriver/troubleshooting/errors#stale-element-reference-exception
Build info: version: &apos;4.18.1&apos;, revision: &apos;b1d3319b48&apos;
System info: os.name: &apos;Windows 11&apos;, os.arch: &apos;amd64&apos;, os.version: &apos;10.0&apos;, java.version: &apos;17.0.10&apos;
Driver info: org.openqa.selenium.chrome.ChromeDriver
Command: [cb8d01222675abbc17901ead8bfeea07, clickElement {id=79D83C81D30069941E7ECA2C6B7E9944_element_123}]
Capabilities {acceptInsecureCerts: false, browserName: chrome, browserVersion: 120.0.6099.130, chrome: {chromedriverVersion: 120.0.6099.109 (3419140ab66..., userDataDir: C:\Windows\SystemTemp\scope...}, fedcm:accounts: true, goog:chromeOptions: {debuggerAddress: localhost:52264}, networkConnectionEnabled: false, pageLoadStrategy: normal, platformName: windows, proxy: Proxy(), se:cdp: ws://localhost:52264/devtoo..., se:cdpVersion: 120.0.6099.130, setWindowRect: true, strictFileInteractability: false, timeouts: {implicit: 0, pageLoad: 300000, script: 30000}, unhandledPromptBehavior: dismiss and notify, webauthn:extension:credBlob: true, webauthn:extension:largeBlob: true, webauthn:extension:minPinLength: true, webauthn:extension:prf: true, webauthn:virtualAuthenticators: true}
Element: [[ChromeDriver: chrome on windows (cb8d01222675abbc17901ead8bfeea07)] -&gt; xpath: //input[@id=&apos;country&apos;]]
Session ID: cb8d01222675abbc17901ead8bfeea07
	at java.base/jdk.internal.reflect.NativeConstructorAccessorImpl.newInstance0(Native Method)
	at java.base/jdk.internal.reflect.NativeConstructorAccessorImpl.newInstance(NativeConstructorAccessorImpl.java:77)
	at java.base/jdk.internal.reflect.DelegatingConstructorAccessorImpl.newInstance(DelegatingConstructorAccessorImpl.java:45)
	at java.base/java.lang.reflect.Constructor.newInstanceWithCaller(Constructor.java:499)
	at java.base/java.lang.reflect.Constructor.newInstance(Constructor.java:480)
	at org.openqa.selenium.remote.ErrorCodec.decode(ErrorCodec.java:167)
	at org.openqa.selenium.remote.codec.w3c.W3CHttpResponseCodec.decode(W3CHttpResponseCodec.java:138)
	at org.openqa.selenium.remote.codec.w3c.W3CHttpResponseCodec.decode(W3CHttpResponseCodec.java:50)
	at org.openqa.selenium.remote.HttpCommandExecutor.execute(HttpCommandExecutor.java:190)
	at org.openqa.selenium.remote.service.DriverCommandExecutor.invokeExecute(DriverCommandExecutor.java:216)
	at org.openqa.selenium.remote.service.DriverCommandExecutor.execute(DriverCommandExecutor.java:174)
	at org.openqa.selenium.remote.RemoteWebDriver.execute(RemoteWebDriver.java:519)
	at org.openqa.selenium.remote.RemoteWebElement.execute(RemoteWebElement.java:223)
	at org.openqa.selenium.remote.RemoteWebElement.click(RemoteWebElement.java:76)
	at java.base/jdk.internal.reflect.NativeMethodAccessorImpl.invoke0(Native Method)
	at java.base/jdk.internal.reflect.NativeMethodAccessorImpl.invoke(NativeMethodAccessorImpl.java:77)
	at java.base/jdk.internal.reflect.DelegatingMethodAccessorImpl.invoke(DelegatingMethodAccessorImpl.java:43)
	at java.base/java.lang.reflect.Method.invoke(Method.java:568)
	at org.openqa.selenium.support.pagefactory.internal.LocatingElementHandler.invoke(LocatingElementHandler.java:51)
	at jdk.proxy2/jdk.proxy2.$Proxy28.click(Unknown Source)
	at pageObjects.TravelInsurance.clickCountry(TravelInsurance.java:107)
	at StepDefinitions.TC_001_TravelInsurance.user_enters_destination_details(TC_001_TravelInsurance.java:26)
	at ✽.User enters destination details(file:///C:/Users/2327192/Downloads/Hackathon_TravelInsurance/Hackathon_TravelInsurance/Features/Feature1_TravelInsurance.feature:6)
</pre></div></td>
<td>13</td>
<td>testRunner.TestRunner@1ffaf86</td></tr>
</table><p>
</body>
</html>